{"C:\\Users\\aharo\\OneDrive\\Documents\\GitHub\\mondayu1\\monday-u-exercises\\src\\ex7\\client\\src\\App.js": {"path":"C:\\Users\\aharo\\OneDrive\\Documents\\GitHub\\mondayu1\\monday-u-exercises\\src\\ex7\\client\\src\\App.js","statementMap":{"0":{"start":{"line":5,"column":2},"end":{"line":9,"column":4}}},"fnMap":{"0":{"name":"App","decl":{"start":{"line":4,"column":9},"end":{"line":4,"column":12}},"loc":{"start":{"line":4,"column":15},"end":{"line":10,"column":1}},"line":4}},"branchMap":{},"s":{"0":1},"f":{"0":1},"b":{},"_coverageSchema":"1a1c01bbd47fc00a2c39e90264f33305004495a9","hash":"8cacfec550c76aac1220968dc6dc500d61da48db"}
,"C:\\Users\\aharo\\OneDrive\\Documents\\GitHub\\mondayu1\\monday-u-exercises\\src\\ex7\\client\\src\\index.js": {"path":"C:\\Users\\aharo\\OneDrive\\Documents\\GitHub\\mondayu1\\monday-u-exercises\\src\\ex7\\client\\src\\index.js","statementMap":{"0":{"start":{"line":10,"column":13},"end":{"line":10,"column":65}},"1":{"start":{"line":11,"column":0},"end":{"line":19,"column":2}}},"fnMap":{},"branchMap":{},"s":{"0":0,"1":0},"f":{},"b":{}}
,"C:\\Users\\aharo\\OneDrive\\Documents\\GitHub\\mondayu1\\monday-u-exercises\\src\\ex7\\client\\src\\store.js": {"path":"C:\\Users\\aharo\\OneDrive\\Documents\\GitHub\\mondayu1\\monday-u-exercises\\src\\ex7\\client\\src\\store.js","statementMap":{"0":{"start":{"line":5,"column":21},"end":{"line":9,"column":2}}},"fnMap":{},"branchMap":{},"s":{"0":3},"f":{},"b":{},"_coverageSchema":"1a1c01bbd47fc00a2c39e90264f33305004495a9","hash":"54d1cc509a5294d67435d61f175d3e5d5e6ee87a"}
,"C:\\Users\\aharo\\OneDrive\\Documents\\GitHub\\mondayu1\\monday-u-exercises\\src\\ex7\\client\\src\\actions\\todo-actions.js": {"path":"C:\\Users\\aharo\\OneDrive\\Documents\\GitHub\\mondayu1\\monday-u-exercises\\src\\ex7\\client\\src\\actions\\todo-actions.js","statementMap":{"0":{"start":{"line":4,"column":24},"end":{"line":7,"column":2}},"1":{"start":{"line":4,"column":40},"end":{"line":7,"column":1}},"2":{"start":{"line":9,"column":23},"end":{"line":12,"column":2}},"3":{"start":{"line":9,"column":34},"end":{"line":12,"column":1}},"4":{"start":{"line":14,"column":26},"end":{"line":17,"column":2}},"5":{"start":{"line":14,"column":37},"end":{"line":17,"column":1}},"6":{"start":{"line":19,"column":26},"end":{"line":22,"column":2}},"7":{"start":{"line":19,"column":37},"end":{"line":22,"column":1}},"8":{"start":{"line":24,"column":35},"end":{"line":29,"column":1}},"9":{"start":{"line":25,"column":2},"end":{"line":28,"column":4}},"10":{"start":{"line":26,"column":21},"end":{"line":26,"column":52}},"11":{"start":{"line":27,"column":4},"end":{"line":27,"column":33}},"12":{"start":{"line":31,"column":29},"end":{"line":55,"column":1}},"13":{"start":{"line":32,"column":2},"end":{"line":54,"column":4}},"14":{"start":{"line":33,"column":18},"end":{"line":33,"column":38}},"15":{"start":{"line":34,"column":23},"end":{"line":34,"column":68}},"16":{"start":{"line":34,"column":46},"end":{"line":34,"column":67}},"17":{"start":{"line":36,"column":4},"end":{"line":41,"column":5}},"18":{"start":{"line":37,"column":21},"end":{"line":37,"column":67}},"19":{"start":{"line":37,"column":39},"end":{"line":37,"column":66}},"20":{"start":{"line":38,"column":6},"end":{"line":38,"column":46}},"21":{"start":{"line":40,"column":6},"end":{"line":40,"column":61}},"22":{"start":{"line":42,"column":17},"end":{"line":46,"column":7}},"23":{"start":{"line":42,"column":39},"end":{"line":46,"column":5}},"24":{"start":{"line":48,"column":4},"end":{"line":53,"column":5}},"25":{"start":{"line":49,"column":6},"end":{"line":52,"column":9}},"26":{"start":{"line":50,"column":8},"end":{"line":50,"column":32}},"27":{"start":{"line":51,"column":8},"end":{"line":51,"column":49}},"28":{"start":{"line":57,"column":32},"end":{"line":63,"column":1}},"29":{"start":{"line":58,"column":2},"end":{"line":62,"column":4}},"30":{"start":{"line":59,"column":4},"end":{"line":59,"column":42}},"31":{"start":{"line":60,"column":4},"end":{"line":60,"column":31}},"32":{"start":{"line":61,"column":4},"end":{"line":61,"column":47}},"33":{"start":{"line":65,"column":32},"end":{"line":71,"column":1}},"34":{"start":{"line":66,"column":2},"end":{"line":70,"column":4}},"35":{"start":{"line":67,"column":4},"end":{"line":67,"column":42}},"36":{"start":{"line":68,"column":4},"end":{"line":68,"column":31}},"37":{"start":{"line":69,"column":4},"end":{"line":69,"column":47}}},"fnMap":{"0":{"name":"(anonymous_0)","decl":{"start":{"line":4,"column":24},"end":{"line":4,"column":25}},"loc":{"start":{"line":4,"column":40},"end":{"line":7,"column":1}},"line":4},"1":{"name":"(anonymous_1)","decl":{"start":{"line":9,"column":23},"end":{"line":9,"column":24}},"loc":{"start":{"line":9,"column":34},"end":{"line":12,"column":1}},"line":9},"2":{"name":"(anonymous_2)","decl":{"start":{"line":14,"column":26},"end":{"line":14,"column":27}},"loc":{"start":{"line":14,"column":37},"end":{"line":17,"column":1}},"line":14},"3":{"name":"(anonymous_3)","decl":{"start":{"line":19,"column":26},"end":{"line":19,"column":27}},"loc":{"start":{"line":19,"column":37},"end":{"line":22,"column":1}},"line":19},"4":{"name":"(anonymous_4)","decl":{"start":{"line":24,"column":35},"end":{"line":24,"column":36}},"loc":{"start":{"line":24,"column":41},"end":{"line":29,"column":1}},"line":24},"5":{"name":"(anonymous_5)","decl":{"start":{"line":25,"column":9},"end":{"line":25,"column":10}},"loc":{"start":{"line":25,"column":29},"end":{"line":28,"column":3}},"line":25},"6":{"name":"(anonymous_6)","decl":{"start":{"line":31,"column":29},"end":{"line":31,"column":30}},"loc":{"start":{"line":31,"column":39},"end":{"line":55,"column":1}},"line":31},"7":{"name":"(anonymous_7)","decl":{"start":{"line":32,"column":9},"end":{"line":32,"column":10}},"loc":{"start":{"line":32,"column":29},"end":{"line":54,"column":3}},"line":32},"8":{"name":"(anonymous_8)","decl":{"start":{"line":34,"column":35},"end":{"line":34,"column":36}},"loc":{"start":{"line":34,"column":46},"end":{"line":34,"column":67}},"line":34},"9":{"name":"(anonymous_9)","decl":{"start":{"line":37,"column":31},"end":{"line":37,"column":32}},"loc":{"start":{"line":37,"column":39},"end":{"line":37,"column":66}},"line":37},"10":{"name":"(anonymous_10)","decl":{"start":{"line":42,"column":31},"end":{"line":42,"column":32}},"loc":{"start":{"line":42,"column":39},"end":{"line":46,"column":5}},"line":42},"11":{"name":"(anonymous_11)","decl":{"start":{"line":49,"column":19},"end":{"line":49,"column":20}},"loc":{"start":{"line":49,"column":29},"end":{"line":52,"column":7}},"line":49},"12":{"name":"(anonymous_12)","decl":{"start":{"line":57,"column":32},"end":{"line":57,"column":33}},"loc":{"start":{"line":57,"column":42},"end":{"line":63,"column":1}},"line":57},"13":{"name":"(anonymous_13)","decl":{"start":{"line":58,"column":9},"end":{"line":58,"column":10}},"loc":{"start":{"line":58,"column":29},"end":{"line":62,"column":3}},"line":58},"14":{"name":"(anonymous_14)","decl":{"start":{"line":65,"column":32},"end":{"line":65,"column":33}},"loc":{"start":{"line":65,"column":42},"end":{"line":71,"column":1}},"line":65},"15":{"name":"(anonymous_15)","decl":{"start":{"line":66,"column":9},"end":{"line":66,"column":10}},"loc":{"start":{"line":66,"column":29},"end":{"line":70,"column":3}},"line":66}},"branchMap":{"0":{"loc":{"start":{"line":36,"column":4},"end":{"line":41,"column":5}},"type":"if","locations":[{"start":{"line":36,"column":4},"end":{"line":41,"column":5}},{"start":{"line":39,"column":11},"end":{"line":41,"column":5}}],"line":36},"1":{"loc":{"start":{"line":48,"column":4},"end":{"line":53,"column":5}},"type":"if","locations":[{"start":{"line":48,"column":4},"end":{"line":53,"column":5}},{"start":{},"end":{}}],"line":48}},"s":{"0":3,"1":2,"2":3,"3":3,"4":3,"5":1,"6":3,"7":1,"8":3,"9":2,"10":2,"11":0,"12":3,"13":0,"14":0,"15":0,"16":0,"17":0,"18":0,"19":0,"20":0,"21":0,"22":0,"23":0,"24":0,"25":0,"26":0,"27":0,"28":3,"29":0,"30":0,"31":0,"32":0,"33":3,"34":0,"35":0,"36":0,"37":0},"f":{"0":2,"1":3,"2":1,"3":1,"4":2,"5":2,"6":0,"7":0,"8":0,"9":0,"10":0,"11":0,"12":0,"13":0,"14":0,"15":0},"b":{"0":[0,0],"1":[0,0]},"_coverageSchema":"1a1c01bbd47fc00a2c39e90264f33305004495a9","hash":"c04ce80448032bb646c775bb8933c5c1020d8c84"}
,"C:\\Users\\aharo\\OneDrive\\Documents\\GitHub\\mondayu1\\monday-u-exercises\\src\\ex7\\client\\src\\actions\\constants\\index.js": {"path":"C:\\Users\\aharo\\OneDrive\\Documents\\GitHub\\mondayu1\\monday-u-exercises\\src\\ex7\\client\\src\\actions\\constants\\index.js","statementMap":{"0":{"start":{"line":1,"column":16},"end":{"line":6,"column":1}}},"fnMap":{},"branchMap":{},"s":{"0":4},"f":{},"b":{},"_coverageSchema":"1a1c01bbd47fc00a2c39e90264f33305004495a9","hash":"46a88ce4665a888a36d2a3d45a081595d8a38980"}
,"C:\\Users\\aharo\\OneDrive\\Documents\\GitHub\\mondayu1\\monday-u-exercises\\src\\ex7\\client\\src\\components\\Button\\Button.js": {"path":"C:\\Users\\aharo\\OneDrive\\Documents\\GitHub\\mondayu1\\monday-u-exercises\\src\\ex7\\client\\src\\components\\Button\\Button.js","statementMap":{"0":{"start":{"line":5,"column":15},"end":{"line":25,"column":1}},"1":{"start":{"line":6,"column":2},"end":{"line":24,"column":3}},"2":{"start":{"line":8,"column":6},"end":{"line":12,"column":8}},"3":{"start":{"line":14,"column":6},"end":{"line":23,"column":8}}},"fnMap":{"0":{"name":"(anonymous_0)","decl":{"start":{"line":5,"column":15},"end":{"line":5,"column":16}},"loc":{"start":{"line":5,"column":43},"end":{"line":25,"column":1}},"line":5}},"branchMap":{"0":{"loc":{"start":{"line":6,"column":2},"end":{"line":24,"column":3}},"type":"switch","locations":[{"start":{"line":7,"column":4},"end":{"line":12,"column":8}},{"start":{"line":13,"column":4},"end":{"line":23,"column":8}}],"line":6}},"s":{"0":3,"1":5,"2":2,"3":3},"f":{"0":5},"b":{"0":[2,3]},"_coverageSchema":"1a1c01bbd47fc00a2c39e90264f33305004495a9","hash":"9c18ebdd3f7de250fb1b7ae372425f795fc988be"}
,"C:\\Users\\aharo\\OneDrive\\Documents\\GitHub\\mondayu1\\monday-u-exercises\\src\\ex7\\client\\src\\components\\Checkbox\\Checkbox.js": {"path":"C:\\Users\\aharo\\OneDrive\\Documents\\GitHub\\mondayu1\\monday-u-exercises\\src\\ex7\\client\\src\\components\\Checkbox\\Checkbox.js","statementMap":{"0":{"start":{"line":1,"column":17},"end":{"line":18,"column":1}},"1":{"start":{"line":2,"column":2},"end":{"line":17,"column":3}},"2":{"start":{"line":4,"column":6},"end":{"line":16,"column":8}}},"fnMap":{"0":{"name":"(anonymous_0)","decl":{"start":{"line":1,"column":17},"end":{"line":1,"column":18}},"loc":{"start":{"line":1,"column":45},"end":{"line":18,"column":1}},"line":1}},"branchMap":{"0":{"loc":{"start":{"line":2,"column":2},"end":{"line":17,"column":3}},"type":"switch","locations":[{"start":{"line":3,"column":4},"end":{"line":16,"column":8}}],"line":2}},"s":{"0":3,"1":3,"2":3},"f":{"0":3},"b":{"0":[3]},"_coverageSchema":"1a1c01bbd47fc00a2c39e90264f33305004495a9","hash":"9e577f383e766d46dc549c08f7f0114c6db02a3c"}
,"C:\\Users\\aharo\\OneDrive\\Documents\\GitHub\\mondayu1\\monday-u-exercises\\src\\ex7\\client\\src\\components\\FilterTodosOptions\\FilterTodosOptions.js": {"path":"C:\\Users\\aharo\\OneDrive\\Documents\\GitHub\\mondayu1\\monday-u-exercises\\src\\ex7\\client\\src\\components\\FilterTodosOptions\\FilterTodosOptions.js","statementMap":{"0":{"start":{"line":1,"column":27},"end":{"line":14,"column":1}}},"fnMap":{},"branchMap":{},"s":{"0":2},"f":{},"b":{},"_coverageSchema":"1a1c01bbd47fc00a2c39e90264f33305004495a9","hash":"2612e560d4f1da736eeb2c7c20c26a96cecda596"}
,"C:\\Users\\aharo\\OneDrive\\Documents\\GitHub\\mondayu1\\monday-u-exercises\\src\\ex7\\client\\src\\components\\Header\\Header.js": {"path":"C:\\Users\\aharo\\OneDrive\\Documents\\GitHub\\mondayu1\\monday-u-exercises\\src\\ex7\\client\\src\\components\\Header\\Header.js","statementMap":{"0":{"start":{"line":6,"column":15},"end":{"line":12,"column":1}},"1":{"start":{"line":7,"column":2},"end":{"line":11,"column":4}}},"fnMap":{"0":{"name":"(anonymous_0)","decl":{"start":{"line":6,"column":15},"end":{"line":6,"column":16}},"loc":{"start":{"line":6,"column":21},"end":{"line":12,"column":1}},"line":6}},"branchMap":{},"s":{"0":2,"1":2},"f":{"0":2},"b":{},"_coverageSchema":"1a1c01bbd47fc00a2c39e90264f33305004495a9","hash":"5e1ab42311dfa65f27ac37fe7b46ecccacafb446"}
,"C:\\Users\\aharo\\OneDrive\\Documents\\GitHub\\mondayu1\\monday-u-exercises\\src\\ex7\\client\\src\\components\\LoaderTodos\\LoaderTodos.jsx": {"path":"C:\\Users\\aharo\\OneDrive\\Documents\\GitHub\\mondayu1\\monday-u-exercises\\src\\ex7\\client\\src\\components\\LoaderTodos\\LoaderTodos.jsx","statementMap":{"0":{"start":{"line":5,"column":20},"end":{"line":15,"column":1}},"1":{"start":{"line":6,"column":2},"end":{"line":14,"column":4}},"2":{"start":{"line":19,"column":0},"end":{"line":22,"column":2}}},"fnMap":{"0":{"name":"(anonymous_0)","decl":{"start":{"line":5,"column":20},"end":{"line":5,"column":21}},"loc":{"start":{"line":5,"column":26},"end":{"line":15,"column":1}},"line":5}},"branchMap":{},"s":{"0":2,"1":0,"2":2},"f":{"0":0},"b":{},"_coverageSchema":"1a1c01bbd47fc00a2c39e90264f33305004495a9","hash":"896ab3c25953026561fd30950c3e9ff22f23ec48"}
,"C:\\Users\\aharo\\OneDrive\\Documents\\GitHub\\mondayu1\\monday-u-exercises\\src\\ex7\\client\\src\\components\\SearchTodo\\SearchTodo.jsx": {"path":"C:\\Users\\aharo\\OneDrive\\Documents\\GitHub\\mondayu1\\monday-u-exercises\\src\\ex7\\client\\src\\components\\SearchTodo\\SearchTodo.jsx","statementMap":{"0":{"start":{"line":6,"column":19},"end":{"line":17,"column":1}},"1":{"start":{"line":7,"column":2},"end":{"line":16,"column":4}},"2":{"start":{"line":20,"column":0},"end":{"line":25,"column":2}},"3":{"start":{"line":27,"column":0},"end":{"line":31,"column":2}}},"fnMap":{"0":{"name":"(anonymous_0)","decl":{"start":{"line":6,"column":19},"end":{"line":6,"column":20}},"loc":{"start":{"line":6,"column":59},"end":{"line":17,"column":1}},"line":6}},"branchMap":{},"s":{"0":2,"1":2,"2":2,"3":2},"f":{"0":2},"b":{},"_coverageSchema":"1a1c01bbd47fc00a2c39e90264f33305004495a9","hash":"2becb713631df7d6b8d4a61495e2fad9936f8a62"}
,"C:\\Users\\aharo\\OneDrive\\Documents\\GitHub\\mondayu1\\monday-u-exercises\\src\\ex7\\client\\src\\components\\SortTodos\\SortTodos.jsx": {"path":"C:\\Users\\aharo\\OneDrive\\Documents\\GitHub\\mondayu1\\monday-u-exercises\\src\\ex7\\client\\src\\components\\SortTodos\\SortTodos.jsx","statementMap":{"0":{"start":{"line":6,"column":18},"end":{"line":16,"column":1}},"1":{"start":{"line":7,"column":2},"end":{"line":15,"column":4}},"2":{"start":{"line":20,"column":0},"end":{"line":24,"column":2}},"3":{"start":{"line":26,"column":0},"end":{"line":30,"column":2}}},"fnMap":{"0":{"name":"(anonymous_0)","decl":{"start":{"line":6,"column":18},"end":{"line":6,"column":19}},"loc":{"start":{"line":6,"column":45},"end":{"line":16,"column":1}},"line":6}},"branchMap":{},"s":{"0":2,"1":2,"2":2,"3":2},"f":{"0":2},"b":{},"_coverageSchema":"1a1c01bbd47fc00a2c39e90264f33305004495a9","hash":"ae00e7e784f06e0400a4a0cb581939b973dde40b"}
,"C:\\Users\\aharo\\OneDrive\\Documents\\GitHub\\mondayu1\\monday-u-exercises\\src\\ex7\\client\\src\\components\\TodoAppContainer\\TodoAppContainer.jsx": {"path":"C:\\Users\\aharo\\OneDrive\\Documents\\GitHub\\mondayu1\\monday-u-exercises\\src\\ex7\\client\\src\\components\\TodoAppContainer\\TodoAppContainer.jsx","statementMap":{"0":{"start":{"line":6,"column":2},"end":{"line":11,"column":4}}},"fnMap":{"0":{"name":"TodoAppContainer","decl":{"start":{"line":5,"column":9},"end":{"line":5,"column":25}},"loc":{"start":{"line":5,"column":28},"end":{"line":12,"column":1}},"line":5}},"branchMap":{},"s":{"0":1},"f":{"0":1},"b":{},"_coverageSchema":"1a1c01bbd47fc00a2c39e90264f33305004495a9","hash":"2e611f3b7ea7314b09a99f9e856fd96a15cbdb29"}
,"C:\\Users\\aharo\\OneDrive\\Documents\\GitHub\\mondayu1\\monday-u-exercises\\src\\ex7\\client\\src\\components\\TodoInput\\TodoInput.js": {"path":"C:\\Users\\aharo\\OneDrive\\Documents\\GitHub\\mondayu1\\monday-u-exercises\\src\\ex7\\client\\src\\components\\TodoInput\\TodoInput.js","statementMap":{"0":{"start":{"line":9,"column":18},"end":{"line":36,"column":1}},"1":{"start":{"line":10,"column":38},"end":{"line":10,"column":50}},"2":{"start":{"line":12,"column":24},"end":{"line":17,"column":3}},"3":{"start":{"line":14,"column":6},"end":{"line":14,"column":36}},"4":{"start":{"line":19,"column":24},"end":{"line":22,"column":33}},"5":{"start":{"line":20,"column":4},"end":{"line":20,"column":46}},"6":{"start":{"line":21,"column":4},"end":{"line":21,"column":22}},"7":{"start":{"line":24,"column":2},"end":{"line":35,"column":4}},"8":{"start":{"line":38,"column":24},"end":{"line":42,"column":1}},"9":{"start":{"line":39,"column":20},"end":{"line":39,"column":39}},"10":{"start":{"line":41,"column":2},"end":{"line":41,"column":23}},"11":{"start":{"line":44,"column":27},"end":{"line":46,"column":1}},"12":{"start":{"line":45,"column":2},"end":{"line":45,"column":57}}},"fnMap":{"0":{"name":"(anonymous_0)","decl":{"start":{"line":9,"column":18},"end":{"line":9,"column":19}},"loc":{"start":{"line":9,"column":41},"end":{"line":36,"column":1}},"line":9},"1":{"name":"(anonymous_1)","decl":{"start":{"line":13,"column":4},"end":{"line":13,"column":5}},"loc":{"start":{"line":13,"column":11},"end":{"line":15,"column":5}},"line":13},"2":{"name":"(anonymous_2)","decl":{"start":{"line":19,"column":36},"end":{"line":19,"column":37}},"loc":{"start":{"line":19,"column":48},"end":{"line":22,"column":3}},"line":19},"3":{"name":"(anonymous_3)","decl":{"start":{"line":38,"column":24},"end":{"line":38,"column":25}},"loc":{"start":{"line":38,"column":45},"end":{"line":42,"column":1}},"line":38},"4":{"name":"(anonymous_4)","decl":{"start":{"line":44,"column":27},"end":{"line":44,"column":28}},"loc":{"start":{"line":44,"column":51},"end":{"line":46,"column":1}},"line":44}},"branchMap":{},"s":{"0":2,"1":2,"2":2,"3":0,"4":2,"5":0,"6":0,"7":2,"8":2,"9":2,"10":2,"11":2,"12":2},"f":{"0":2,"1":0,"2":0,"3":2,"4":2},"b":{},"_coverageSchema":"1a1c01bbd47fc00a2c39e90264f33305004495a9","hash":"7b829421a5130fa10c3799b4ecf820b6311caf3e"}
,"C:\\Users\\aharo\\OneDrive\\Documents\\GitHub\\mondayu1\\monday-u-exercises\\src\\ex7\\client\\src\\components\\TodoItem\\TodoItem.js": {"path":"C:\\Users\\aharo\\OneDrive\\Documents\\GitHub\\mondayu1\\monday-u-exercises\\src\\ex7\\client\\src\\components\\TodoItem\\TodoItem.js","statementMap":{"0":{"start":{"line":10,"column":17},"end":{"line":29,"column":1}},"1":{"start":{"line":17,"column":2},"end":{"line":28,"column":4}},"2":{"start":{"line":33,"column":0},"end":{"line":39,"column":2}},"3":{"start":{"line":41,"column":0},"end":{"line":43,"column":2}}},"fnMap":{"0":{"name":"(anonymous_0)","decl":{"start":{"line":10,"column":17},"end":{"line":10,"column":18}},"loc":{"start":{"line":16,"column":6},"end":{"line":29,"column":1}},"line":16}},"branchMap":{},"s":{"0":3,"1":3,"2":3,"3":3},"f":{"0":3},"b":{},"_coverageSchema":"1a1c01bbd47fc00a2c39e90264f33305004495a9","hash":"bd1ed4aae8d10f54ff6523b9e7a7af3f69c8263a"}
,"C:\\Users\\aharo\\OneDrive\\Documents\\GitHub\\mondayu1\\monday-u-exercises\\src\\ex7\\client\\src\\components\\TodoList\\TodoList.js": {"path":"C:\\Users\\aharo\\OneDrive\\Documents\\GitHub\\mondayu1\\monday-u-exercises\\src\\ex7\\client\\src\\components\\TodoList\\TodoList.js","statementMap":{"0":{"start":{"line":18,"column":17},"end":{"line":106,"column":1}},"1":{"start":{"line":24,"column":36},"end":{"line":24,"column":51}},"2":{"start":{"line":25,"column":50},"end":{"line":25,"column":62}},"3":{"start":{"line":26,"column":52},"end":{"line":26,"column":64}},"4":{"start":{"line":28,"column":20},"end":{"line":30,"column":27}},"5":{"start":{"line":29,"column":4},"end":{"line":29,"column":32}},"6":{"start":{"line":32,"column":2},"end":{"line":36,"column":9}},"7":{"start":{"line":33,"column":4},"end":{"line":33,"column":23}},"8":{"start":{"line":34,"column":4},"end":{"line":34,"column":16}},"9":{"start":{"line":35,"column":4},"end":{"line":35,"column":24}},"10":{"start":{"line":38,"column":27},"end":{"line":43,"column":3}},"11":{"start":{"line":40,"column":6},"end":{"line":40,"column":29}},"12":{"start":{"line":45,"column":28},"end":{"line":49,"column":8}},"13":{"start":{"line":46,"column":4},"end":{"line":46,"column":23}},"14":{"start":{"line":47,"column":4},"end":{"line":47,"column":32}},"15":{"start":{"line":48,"column":4},"end":{"line":48,"column":24}},"16":{"start":{"line":51,"column":27},"end":{"line":56,"column":3}},"17":{"start":{"line":53,"column":6},"end":{"line":53,"column":29}},"18":{"start":{"line":58,"column":33},"end":{"line":61,"column":3}},"19":{"start":{"line":59,"column":4},"end":{"line":59,"column":31}},"20":{"start":{"line":60,"column":4},"end":{"line":60,"column":33}},"21":{"start":{"line":63,"column":27},"end":{"line":67,"column":8}},"22":{"start":{"line":64,"column":4},"end":{"line":64,"column":23}},"23":{"start":{"line":65,"column":4},"end":{"line":65,"column":31}},"24":{"start":{"line":66,"column":4},"end":{"line":66,"column":24}},"25":{"start":{"line":69,"column":2},"end":{"line":105,"column":4}},"26":{"start":{"line":82,"column":16},"end":{"line":84,"column":79}},"27":{"start":{"line":87,"column":14},"end":{"line":94,"column":16}},"28":{"start":{"line":92,"column":46},"end":{"line":92,"column":74}},"29":{"start":{"line":93,"column":40},"end":{"line":93,"column":62}},"30":{"start":{"line":102,"column":29},"end":{"line":102,"column":53}},"31":{"start":{"line":108,"column":24},"end":{"line":112,"column":1}},"32":{"start":{"line":109,"column":20},"end":{"line":109,"column":39}},"33":{"start":{"line":111,"column":2},"end":{"line":111,"column":23}},"34":{"start":{"line":114,"column":27},"end":{"line":123,"column":1}},"35":{"start":{"line":115,"column":2},"end":{"line":122,"column":4}}},"fnMap":{"0":{"name":"(anonymous_0)","decl":{"start":{"line":18,"column":17},"end":{"line":18,"column":18}},"loc":{"start":{"line":23,"column":6},"end":{"line":106,"column":1}},"line":23},"1":{"name":"(anonymous_1)","decl":{"start":{"line":28,"column":32},"end":{"line":28,"column":33}},"loc":{"start":{"line":28,"column":44},"end":{"line":30,"column":3}},"line":28},"2":{"name":"(anonymous_2)","decl":{"start":{"line":32,"column":12},"end":{"line":32,"column":13}},"loc":{"start":{"line":32,"column":18},"end":{"line":36,"column":3}},"line":32},"3":{"name":"(anonymous_3)","decl":{"start":{"line":39,"column":4},"end":{"line":39,"column":5}},"loc":{"start":{"line":39,"column":20},"end":{"line":41,"column":5}},"line":39},"4":{"name":"(anonymous_4)","decl":{"start":{"line":45,"column":40},"end":{"line":45,"column":41}},"loc":{"start":{"line":45,"column":51},"end":{"line":49,"column":3}},"line":45},"5":{"name":"(anonymous_5)","decl":{"start":{"line":52,"column":4},"end":{"line":52,"column":5}},"loc":{"start":{"line":52,"column":20},"end":{"line":54,"column":5}},"line":52},"6":{"name":"(anonymous_6)","decl":{"start":{"line":58,"column":33},"end":{"line":58,"column":34}},"loc":{"start":{"line":58,"column":49},"end":{"line":61,"column":3}},"line":58},"7":{"name":"(anonymous_7)","decl":{"start":{"line":63,"column":39},"end":{"line":63,"column":40}},"loc":{"start":{"line":63,"column":50},"end":{"line":67,"column":3}},"line":63},"8":{"name":"(anonymous_8)","decl":{"start":{"line":81,"column":14},"end":{"line":81,"column":15}},"loc":{"start":{"line":82,"column":16},"end":{"line":84,"column":79}},"line":82},"9":{"name":"(anonymous_9)","decl":{"start":{"line":86,"column":17},"end":{"line":86,"column":18}},"loc":{"start":{"line":87,"column":14},"end":{"line":94,"column":16}},"line":87},"10":{"name":"(anonymous_10)","decl":{"start":{"line":92,"column":40},"end":{"line":92,"column":41}},"loc":{"start":{"line":92,"column":46},"end":{"line":92,"column":74}},"line":92},"11":{"name":"(anonymous_11)","decl":{"start":{"line":93,"column":34},"end":{"line":93,"column":35}},"loc":{"start":{"line":93,"column":40},"end":{"line":93,"column":62}},"line":93},"12":{"name":"(anonymous_12)","decl":{"start":{"line":102,"column":18},"end":{"line":102,"column":19}},"loc":{"start":{"line":102,"column":29},"end":{"line":102,"column":53}},"line":102},"13":{"name":"(anonymous_13)","decl":{"start":{"line":108,"column":24},"end":{"line":108,"column":25}},"loc":{"start":{"line":108,"column":45},"end":{"line":112,"column":1}},"line":108},"14":{"name":"(anonymous_14)","decl":{"start":{"line":114,"column":27},"end":{"line":114,"column":28}},"loc":{"start":{"line":114,"column":51},"end":{"line":123,"column":1}},"line":114}},"branchMap":{"0":{"loc":{"start":{"line":78,"column":9},"end":{"line":98,"column":9}},"type":"cond-expr","locations":[{"start":{"line":79,"column":10},"end":{"line":95,"column":14}},{"start":{"line":97,"column":10},"end":{"line":97,"column":25}}],"line":78},"1":{"loc":{"start":{"line":82,"column":16},"end":{"line":84,"column":79}},"type":"binary-expr","locations":[{"start":{"line":82,"column":17},"end":{"line":82,"column":67}},{"start":{"line":83,"column":18},"end":{"line":83,"column":41}},{"start":{"line":84,"column":17},"end":{"line":84,"column":50}},{"start":{"line":84,"column":54},"end":{"line":84,"column":78}}],"line":82}},"s":{"0":2,"1":4,"2":4,"3":4,"4":4,"5":2,"6":4,"7":2,"8":2,"9":2,"10":4,"11":0,"12":4,"13":0,"14":0,"15":0,"16":4,"17":0,"18":4,"19":0,"20":0,"21":4,"22":0,"23":0,"24":0,"25":4,"26":4,"27":4,"28":0,"29":0,"30":0,"31":2,"32":2,"33":2,"34":2,"35":2},"f":{"0":4,"1":2,"2":2,"3":0,"4":0,"5":0,"6":0,"7":0,"8":4,"9":4,"10":0,"11":0,"12":0,"13":2,"14":2},"b":{"0":[4,0],"1":[4,0,4,4]},"_coverageSchema":"1a1c01bbd47fc00a2c39e90264f33305004495a9","hash":"5d8ed9dc40caf8d2442ceffd1afb7f17088ae646"}
,"C:\\Users\\aharo\\OneDrive\\Documents\\GitHub\\mondayu1\\monday-u-exercises\\src\\ex7\\client\\src\\reducers\\index.js": {"path":"C:\\Users\\aharo\\OneDrive\\Documents\\GitHub\\mondayu1\\monday-u-exercises\\src\\ex7\\client\\src\\reducers\\index.js","statementMap":{"0":{"start":{"line":5,"column":20},"end":{"line":8,"column":2}}},"fnMap":{},"branchMap":{},"s":{"0":3},"f":{},"b":{},"_coverageSchema":"1a1c01bbd47fc00a2c39e90264f33305004495a9","hash":"67982e47a3dce36f5cbcc77d12feff6a88d5f88e"}
,"C:\\Users\\aharo\\OneDrive\\Documents\\GitHub\\mondayu1\\monday-u-exercises\\src\\ex7\\client\\src\\reducers\\items-entities-reducer.js": {"path":"C:\\Users\\aharo\\OneDrive\\Documents\\GitHub\\mondayu1\\monday-u-exercises\\src\\ex7\\client\\src\\reducers\\items-entities-reducer.js","statementMap":{"0":{"start":{"line":3,"column":21},"end":{"line":5,"column":1}},"1":{"start":{"line":7,"column":29},"end":{"line":33,"column":1}},"2":{"start":{"line":8,"column":2},"end":{"line":32,"column":3}},"3":{"start":{"line":10,"column":28},"end":{"line":10,"column":34}},"4":{"start":{"line":11,"column":6},"end":{"line":11,"column":37}},"5":{"start":{"line":14,"column":25},"end":{"line":14,"column":58}},"6":{"start":{"line":15,"column":6},"end":{"line":15,"column":49}},"7":{"start":{"line":18,"column":24},"end":{"line":20,"column":7}},"8":{"start":{"line":19,"column":18},"end":{"line":19,"column":44}},"9":{"start":{"line":21,"column":6},"end":{"line":21,"column":47}},"10":{"start":{"line":22,"column":6},"end":{"line":22,"column":59}},"11":{"start":{"line":25,"column":6},"end":{"line":28,"column":8}},"12":{"start":{"line":27,"column":52},"end":{"line":27,"column":78}},"13":{"start":{"line":31,"column":6},"end":{"line":31,"column":19}}},"fnMap":{"0":{"name":"(anonymous_0)","decl":{"start":{"line":7,"column":29},"end":{"line":7,"column":30}},"loc":{"start":{"line":7,"column":63},"end":{"line":33,"column":1}},"line":7},"1":{"name":"(anonymous_1)","decl":{"start":{"line":19,"column":8},"end":{"line":19,"column":9}},"loc":{"start":{"line":19,"column":18},"end":{"line":19,"column":44}},"line":19},"2":{"name":"(anonymous_2)","decl":{"start":{"line":27,"column":42},"end":{"line":27,"column":43}},"loc":{"start":{"line":27,"column":52},"end":{"line":27,"column":78}},"line":27}},"branchMap":{"0":{"loc":{"start":{"line":7,"column":30},"end":{"line":7,"column":50}},"type":"default-arg","locations":[{"start":{"line":7,"column":38},"end":{"line":7,"column":50}}],"line":7},"1":{"loc":{"start":{"line":8,"column":2},"end":{"line":32,"column":3}},"type":"switch","locations":[{"start":{"line":9,"column":4},"end":{"line":11,"column":37}},{"start":{"line":13,"column":4},"end":{"line":15,"column":49}},{"start":{"line":17,"column":4},"end":{"line":22,"column":59}},{"start":{"line":24,"column":4},"end":{"line":28,"column":8}},{"start":{"line":30,"column":4},"end":{"line":31,"column":19}}],"line":8}},"s":{"0":4,"1":4,"2":17,"3":2,"4":2,"5":3,"6":3,"7":1,"8":2,"9":1,"10":1,"11":1,"12":3,"13":10},"f":{"0":17,"1":2,"2":3},"b":{"0":[10],"1":[2,3,1,1,10]},"_coverageSchema":"1a1c01bbd47fc00a2c39e90264f33305004495a9","hash":"364cc0e4d887f4ceb0cc65315b3e2e34ebad7bcb"}
,"C:\\Users\\aharo\\OneDrive\\Documents\\GitHub\\mondayu1\\monday-u-exercises\\src\\ex7\\client\\src\\reducers\\items-view-reducer.js": {"path":"C:\\Users\\aharo\\OneDrive\\Documents\\GitHub\\mondayu1\\monday-u-exercises\\src\\ex7\\client\\src\\reducers\\items-view-reducer.js","statementMap":{"0":{"start":{"line":3,"column":21},"end":{"line":4,"column":1}},"1":{"start":{"line":6,"column":25},"end":{"line":11,"column":1}},"2":{"start":{"line":7,"column":2},"end":{"line":10,"column":3}},"3":{"start":{"line":9,"column":6},"end":{"line":9,"column":19}}},"fnMap":{"0":{"name":"(anonymous_0)","decl":{"start":{"line":6,"column":25},"end":{"line":6,"column":26}},"loc":{"start":{"line":6,"column":59},"end":{"line":11,"column":1}},"line":6}},"branchMap":{"0":{"loc":{"start":{"line":6,"column":26},"end":{"line":6,"column":46}},"type":"default-arg","locations":[{"start":{"line":6,"column":34},"end":{"line":6,"column":46}}],"line":6},"1":{"loc":{"start":{"line":7,"column":2},"end":{"line":10,"column":3}},"type":"switch","locations":[{"start":{"line":8,"column":4},"end":{"line":9,"column":19}}],"line":7}},"s":{"0":3,"1":3,"2":11,"3":11},"f":{"0":11},"b":{"0":[9],"1":[11]},"_coverageSchema":"1a1c01bbd47fc00a2c39e90264f33305004495a9","hash":"ccab8ddc7b7278016d1f366f873f56d131eb219a"}
,"C:\\Users\\aharo\\OneDrive\\Documents\\GitHub\\mondayu1\\monday-u-exercises\\src\\ex7\\client\\src\\selectors\\items-entities-selectors.js": {"path":"C:\\Users\\aharo\\OneDrive\\Documents\\GitHub\\mondayu1\\monday-u-exercises\\src\\ex7\\client\\src\\selectors\\items-entities-selectors.js","statementMap":{"0":{"start":{"line":1,"column":25},"end":{"line":1,"column":55}},"1":{"start":{"line":1,"column":36},"end":{"line":1,"column":55}},"2":{"start":{"line":3,"column":28},"end":{"line":3,"column":72}},"3":{"start":{"line":3,"column":39},"end":{"line":3,"column":72}}},"fnMap":{"0":{"name":"(anonymous_0)","decl":{"start":{"line":1,"column":25},"end":{"line":1,"column":26}},"loc":{"start":{"line":1,"column":36},"end":{"line":1,"column":55}},"line":1},"1":{"name":"(anonymous_1)","decl":{"start":{"line":3,"column":28},"end":{"line":3,"column":29}},"loc":{"start":{"line":3,"column":39},"end":{"line":3,"column":72}},"line":3}},"branchMap":{},"s":{"0":2,"1":4,"2":2,"3":4},"f":{"0":4,"1":4},"b":{},"_coverageSchema":"1a1c01bbd47fc00a2c39e90264f33305004495a9","hash":"589a7a7ca1ff4203e809347a5c4d51cff0490343"}
,"C:\\Users\\aharo\\OneDrive\\Documents\\GitHub\\mondayu1\\monday-u-exercises\\src\\ex7\\client\\src\\selectors\\items-view-selectors.js": {"path":"C:\\Users\\aharo\\OneDrive\\Documents\\GitHub\\mondayu1\\monday-u-exercises\\src\\ex7\\client\\src\\selectors\\items-view-selectors.js","statementMap":{"0":{"start":{"line":1,"column":21},"end":{"line":1,"column":47}},"1":{"start":{"line":1,"column":32},"end":{"line":1,"column":47}}},"fnMap":{"0":{"name":"(anonymous_0)","decl":{"start":{"line":1,"column":21},"end":{"line":1,"column":22}},"loc":{"start":{"line":1,"column":32},"end":{"line":1,"column":47}},"line":1}},"branchMap":{},"s":{"0":0,"1":0},"f":{"0":0},"b":{}}
,"C:\\Users\\aharo\\OneDrive\\Documents\\GitHub\\mondayu1\\monday-u-exercises\\src\\ex7\\client\\src\\services\\list-api-service.js": {"path":"C:\\Users\\aharo\\OneDrive\\Documents\\GitHub\\mondayu1\\monday-u-exercises\\src\\ex7\\client\\src\\services\\list-api-service.js","statementMap":{"0":{"start":{"line":7,"column":21},"end":{"line":7,"column":42}},"1":{"start":{"line":8,"column":18},"end":{"line":8,"column":39}},"2":{"start":{"line":10,"column":4},"end":{"line":10,"column":17}},"3":{"start":{"line":19,"column":21},"end":{"line":23,"column":6}},"4":{"start":{"line":24,"column":17},"end":{"line":24,"column":38}},"5":{"start":{"line":26,"column":4},"end":{"line":26,"column":16}},"6":{"start":{"line":35,"column":21},"end":{"line":39,"column":6}},"7":{"start":{"line":41,"column":4},"end":{"line":41,"column":23}},"8":{"start":{"line":50,"column":21},"end":{"line":54,"column":6}},"9":{"start":{"line":56,"column":4},"end":{"line":56,"column":23}}},"fnMap":{"0":{"name":"(anonymous_0)","decl":{"start":{"line":6,"column":2},"end":{"line":6,"column":3}},"loc":{"start":{"line":6,"column":26},"end":{"line":11,"column":3}},"line":6},"1":{"name":"(anonymous_1)","decl":{"start":{"line":18,"column":2},"end":{"line":18,"column":3}},"loc":{"start":{"line":18,"column":34},"end":{"line":27,"column":3}},"line":18},"2":{"name":"(anonymous_2)","decl":{"start":{"line":34,"column":2},"end":{"line":34,"column":3}},"loc":{"start":{"line":34,"column":32},"end":{"line":42,"column":3}},"line":34},"3":{"name":"(anonymous_3)","decl":{"start":{"line":49,"column":2},"end":{"line":49,"column":3}},"loc":{"start":{"line":49,"column":32},"end":{"line":57,"column":3}},"line":49}},"branchMap":{},"s":{"0":2,"1":0,"2":0,"3":0,"4":0,"5":0,"6":0,"7":0,"8":0,"9":0},"f":{"0":2,"1":0,"2":0,"3":0},"b":{},"_coverageSchema":"1a1c01bbd47fc00a2c39e90264f33305004495a9","hash":"27955ae44466f16d229d85a9dbf0c56f625ff77a"}
}
