TN:
SF:src\App.js
FN:4,App
FNF:1
FNH:1
FNDA:1,App
DA:5,1
LF:1
LH:1
BRF:0
BRH:0
end_of_record
TN:
SF:src\index.js
FNF:0
FNH:0
DA:10,0
DA:11,0
LF:2
LH:0
BRF:0
BRH:0
end_of_record
TN:
SF:src\store.js
FNF:0
FNH:0
DA:5,3
LF:1
LH:1
BRF:0
BRH:0
end_of_record
TN:
SF:src\actions\todo-actions.js
FN:4,(anonymous_0)
FN:9,(anonymous_1)
FN:14,(anonymous_2)
FN:19,(anonymous_3)
FN:24,(anonymous_4)
FN:25,(anonymous_5)
FN:31,(anonymous_6)
FN:32,(anonymous_7)
FN:34,(anonymous_8)
FN:37,(anonymous_9)
FN:42,(anonymous_10)
FN:49,(anonymous_11)
FN:57,(anonymous_12)
FN:58,(anonymous_13)
FN:65,(anonymous_14)
FN:66,(anonymous_15)
FNF:16
FNH:6
FNDA:2,(anonymous_0)
FNDA:3,(anonymous_1)
FNDA:1,(anonymous_2)
FNDA:1,(anonymous_3)
FNDA:2,(anonymous_4)
FNDA:2,(anonymous_5)
FNDA:0,(anonymous_6)
FNDA:0,(anonymous_7)
FNDA:0,(anonymous_8)
FNDA:0,(anonymous_9)
FNDA:0,(anonymous_10)
FNDA:0,(anonymous_11)
FNDA:0,(anonymous_12)
FNDA:0,(anonymous_13)
FNDA:0,(anonymous_14)
FNDA:0,(anonymous_15)
DA:4,3
DA:9,3
DA:14,3
DA:19,3
DA:24,3
DA:25,2
DA:26,2
DA:27,0
DA:31,3
DA:32,0
DA:33,0
DA:34,0
DA:36,0
DA:37,0
DA:38,0
DA:40,0
DA:42,0
DA:48,0
DA:49,0
DA:50,0
DA:51,0
DA:57,3
DA:58,0
DA:59,0
DA:60,0
DA:61,0
DA:65,3
DA:66,0
DA:67,0
DA:68,0
DA:69,0
LF:31
LH:10
BRDA:36,0,0,0
BRDA:36,0,1,0
BRDA:48,1,0,0
BRDA:48,1,1,0
BRF:4
BRH:0
end_of_record
TN:
SF:src\actions\constants\index.js
FNF:0
FNH:0
DA:1,4
LF:1
LH:1
BRF:0
BRH:0
end_of_record
TN:
SF:src\components\Button\Button.js
FN:5,(anonymous_0)
FNF:1
FNH:1
FNDA:5,(anonymous_0)
DA:5,3
DA:6,5
DA:8,2
DA:14,3
LF:4
LH:4
BRDA:6,0,0,2
BRDA:6,0,1,3
BRF:2
BRH:2
end_of_record
TN:
SF:src\components\Checkbox\Checkbox.js
FN:1,(anonymous_0)
FNF:1
FNH:1
FNDA:3,(anonymous_0)
DA:1,3
DA:2,3
DA:4,3
LF:3
LH:3
BRDA:2,0,0,3
BRF:1
BRH:1
end_of_record
TN:
SF:src\components\FilterTodosOptions\FilterTodosOptions.js
FNF:0
FNH:0
DA:1,2
LF:1
LH:1
BRF:0
BRH:0
end_of_record
TN:
SF:src\components\Header\Header.js
FN:6,(anonymous_0)
FNF:1
FNH:1
FNDA:2,(anonymous_0)
DA:6,2
DA:7,2
LF:2
LH:2
BRF:0
BRH:0
end_of_record
TN:
SF:src\components\LoaderTodos\LoaderTodos.jsx
FN:5,(anonymous_0)
FNF:1
FNH:0
FNDA:0,(anonymous_0)
DA:5,2
DA:6,0
DA:19,2
LF:3
LH:2
BRF:0
BRH:0
end_of_record
TN:
SF:src\components\SearchTodo\SearchTodo.jsx
FN:6,(anonymous_0)
FNF:1
FNH:1
FNDA:2,(anonymous_0)
DA:6,2
DA:7,2
DA:20,2
DA:27,2
LF:4
LH:4
BRF:0
BRH:0
end_of_record
TN:
SF:src\components\SortTodos\SortTodos.jsx
FN:6,(anonymous_0)
FNF:1
FNH:1
FNDA:2,(anonymous_0)
DA:6,2
DA:7,2
DA:20,2
DA:26,2
LF:4
LH:4
BRF:0
BRH:0
end_of_record
TN:
SF:src\components\TodoAppContainer\TodoAppContainer.jsx
FN:5,TodoAppContainer
FNF:1
FNH:1
FNDA:1,TodoAppContainer
DA:6,1
LF:1
LH:1
BRF:0
BRH:0
end_of_record
TN:
SF:src\components\TodoInput\TodoInput.js
FN:9,(anonymous_0)
FN:13,(anonymous_1)
FN:19,(anonymous_2)
FN:38,(anonymous_3)
FN:44,(anonymous_4)
FNF:5
FNH:3
FNDA:2,(anonymous_0)
FNDA:0,(anonymous_1)
FNDA:0,(anonymous_2)
FNDA:2,(anonymous_3)
FNDA:2,(anonymous_4)
DA:9,2
DA:10,2
DA:12,2
DA:14,0
DA:19,2
DA:20,0
DA:21,0
DA:24,2
DA:38,2
DA:39,2
DA:41,2
DA:44,2
DA:45,2
LF:13
LH:10
BRF:0
BRH:0
end_of_record
TN:
SF:src\components\TodoItem\TodoItem.js
FN:10,(anonymous_0)
FNF:1
FNH:1
FNDA:3,(anonymous_0)
DA:10,3
DA:17,3
DA:33,3
DA:41,3
LF:4
LH:4
BRF:0
BRH:0
end_of_record
TN:
SF:src\components\TodoList\TodoList.js
FN:18,(anonymous_0)
FN:28,(anonymous_1)
FN:32,(anonymous_2)
FN:39,(anonymous_3)
FN:45,(anonymous_4)
FN:52,(anonymous_5)
FN:58,(anonymous_6)
FN:63,(anonymous_7)
FN:81,(anonymous_8)
FN:86,(anonymous_9)
FN:92,(anonymous_10)
FN:93,(anonymous_11)
FN:102,(anonymous_12)
FN:108,(anonymous_13)
FN:114,(anonymous_14)
FNF:15
FNH:7
FNDA:4,(anonymous_0)
FNDA:2,(anonymous_1)
FNDA:2,(anonymous_2)
FNDA:0,(anonymous_3)
FNDA:0,(anonymous_4)
FNDA:0,(anonymous_5)
FNDA:0,(anonymous_6)
FNDA:0,(anonymous_7)
FNDA:4,(anonymous_8)
FNDA:4,(anonymous_9)
FNDA:0,(anonymous_10)
FNDA:0,(anonymous_11)
FNDA:0,(anonymous_12)
FNDA:2,(anonymous_13)
FNDA:2,(anonymous_14)
DA:18,2
DA:24,4
DA:25,4
DA:26,4
DA:28,4
DA:29,2
DA:32,4
DA:33,2
DA:34,2
DA:35,2
DA:38,4
DA:40,0
DA:45,4
DA:46,0
DA:47,0
DA:48,0
DA:51,4
DA:53,0
DA:58,4
DA:59,0
DA:60,0
DA:63,4
DA:64,0
DA:65,0
DA:66,0
DA:69,4
DA:82,4
DA:87,4
DA:92,0
DA:93,0
DA:102,0
DA:108,2
DA:109,2
DA:111,2
DA:114,2
DA:115,2
LF:36
LH:23
BRDA:78,0,0,4
BRDA:78,0,1,0
BRDA:82,1,0,4
BRDA:82,1,1,0
BRDA:82,1,2,4
BRDA:82,1,3,4
BRF:6
BRH:4
end_of_record
TN:
SF:src\reducers\index.js
FNF:0
FNH:0
DA:5,3
LF:1
LH:1
BRF:0
BRH:0
end_of_record
TN:
SF:src\reducers\items-entities-reducer.js
FN:7,(anonymous_0)
FN:19,(anonymous_1)
FN:27,(anonymous_2)
FNF:3
FNH:3
FNDA:17,(anonymous_0)
FNDA:2,(anonymous_1)
FNDA:3,(anonymous_2)
DA:3,4
DA:7,4
DA:8,17
DA:10,2
DA:11,2
DA:14,3
DA:15,3
DA:18,1
DA:19,2
DA:21,1
DA:22,1
DA:25,1
DA:27,3
DA:31,10
LF:14
LH:14
BRDA:7,0,0,10
BRDA:8,1,0,2
BRDA:8,1,1,3
BRDA:8,1,2,1
BRDA:8,1,3,1
BRDA:8,1,4,10
BRF:6
BRH:6
end_of_record
TN:
SF:src\reducers\items-view-reducer.js
FN:6,(anonymous_0)
FNF:1
FNH:1
FNDA:11,(anonymous_0)
DA:3,3
DA:6,3
DA:7,11
DA:9,11
LF:4
LH:4
BRDA:6,0,0,9
BRDA:7,1,0,11
BRF:2
BRH:2
end_of_record
TN:
SF:src\selectors\items-entities-selectors.js
FN:1,(anonymous_0)
FN:3,(anonymous_1)
FNF:2
FNH:2
FNDA:4,(anonymous_0)
FNDA:4,(anonymous_1)
DA:1,4
DA:3,4
LF:2
LH:2
BRF:0
BRH:0
end_of_record
TN:
SF:src\selectors\items-view-selectors.js
FN:1,(anonymous_0)
FNF:1
FNH:0
FNDA:0,(anonymous_0)
DA:1,0
LF:1
LH:0
BRF:0
BRH:0
end_of_record
TN:
SF:src\services\list-api-service.js
FN:6,(anonymous_0)
FN:18,(anonymous_1)
FN:34,(anonymous_2)
FN:49,(anonymous_3)
FNF:4
FNH:1
FNDA:2,(anonymous_0)
FNDA:0,(anonymous_1)
FNDA:0,(anonymous_2)
FNDA:0,(anonymous_3)
DA:7,2
DA:8,0
DA:10,0
DA:19,0
DA:24,0
DA:26,0
DA:35,0
DA:41,0
DA:50,0
DA:56,0
LF:10
LH:1
BRF:0
BRH:0
end_of_record
